build/app/intermediates/manifest_merge_blame_file/release/manifest-merger-blame-release-report.txt
1<?xml version="1.0" encoding="utf-8"?>
2<manifest xmlns:android="http://schemas.android.com/apk/res/android"
3    package="com.example.motivationalthoughts"
4    android:versionCode="3"
5    android:versionName="1.0.0" >
6
7    <uses-sdk
8        android:minSdkVersion="16"
8-->src\main\AndroidManifest.xml
9        android:targetSdkVersion="28" />
9-->src\main\AndroidManifest.xml
10    <!--
11         io.flutter.app.FlutterApplication is an android.app.Application that
12         calls FlutterMain.startInitialization(this); in its onCreate method.
13         In most cases you can leave this as-is, but you if you want to provide
14         additional functionality it is fine to subclass or reimplement
15         FlutterApplication and put your custom class here.
16    -->
17    <uses-permission android:name="android.permission.RECORD_AUDIO" />
17-->src\main\AndroidManifest.xml:8:5-71
17-->src\main\AndroidManifest.xml:8:22-68
18    <uses-permission android:name="android.permission.WRITE_EXTERNAL_STORAGE" />
18-->src\main\AndroidManifest.xml:9:5-81
18-->src\main\AndroidManifest.xml:9:22-78
19    <uses-permission android:name="android.permission.INTERNET" />
19-->src\main\AndroidManifest.xml:10:5-66
19-->src\main\AndroidManifest.xml:10:22-64
20    <uses-permission android:name="android.permission.READ_EXTERNAL_STORAGE" />
20-->src\main\AndroidManifest.xml:11:5-79
20-->src\main\AndroidManifest.xml:11:22-77
21    <!-- 保持进程在休眠时从屏幕消失 -->
22    <uses-permission android:name="android.permission.WAKE_LOCK" /> <!-- 允许程序修改全局音频设置 -->
22-->[:record_mp3] AndroidManifest.xml:12:5-68
22-->[:record_mp3] AndroidManifest.xml:12:22-65
23    <uses-permission android:name="android.permission.MODIFY_AUDIO_SETTINGS" />
23-->[:record_mp3] AndroidManifest.xml:18:5-80
23-->[:record_mp3] AndroidManifest.xml:18:22-77
24    <uses-permission android:name="android.permission.ACCESS_NETWORK_STATE" />
24-->[com.google.android.gms:play-services-measurement:17.2.2] AndroidManifest.xml:24:5-79
24-->[com.google.android.gms:play-services-measurement:17.2.2] AndroidManifest.xml:24:22-76
25    <uses-permission android:name="com.google.android.finsky.permission.BIND_GET_INSTALL_REFERRER_SERVICE" /> <!-- Required by older versions of Google Play services to create IID tokens -->
25-->[com.google.android.gms:play-services-measurement:17.2.2] AndroidManifest.xml:26:5-110
25-->[com.google.android.gms:play-services-measurement:17.2.2] AndroidManifest.xml:26:22-107
26    <uses-permission android:name="com.google.android.c2dm.permission.RECEIVE" />
26-->[com.google.firebase:firebase-iid:20.0.2] AndroidManifest.xml:26:5-82
26-->[com.google.firebase:firebase-iid:20.0.2] AndroidManifest.xml:26:22-79
27
28    <application
28-->src\main\AndroidManifest.xml:12:5-33:19
29        android:name="io.flutter.app.FlutterApplication"
29-->src\main\AndroidManifest.xml:13:9-57
30        android:appComponentFactory="androidx.core.app.CoreComponentFactory"
30-->[androidx.core:core:1.1.0] AndroidManifest.xml:24:18-86
31        android:icon="@mipmap/launcher_icon"
31-->src\main\AndroidManifest.xml:15:9-45
32        android:label="motivationalthoughts" >
32-->src\main\AndroidManifest.xml:14:9-45
33        <activity
33-->src\main\AndroidManifest.xml:16:9-27:20
34            android:name="com.example.motivationalthoughts.MainActivity"
34-->src\main\AndroidManifest.xml:17:13-41
35            android:configChanges="orientation|keyboardHidden|keyboard|screenSize|smallestScreenSize|locale|layoutDirection|fontScale|screenLayout|density|uiMode"
35-->src\main\AndroidManifest.xml:20:13-163
36            android:hardwareAccelerated="true"
36-->src\main\AndroidManifest.xml:21:13-47
37            android:launchMode="singleTop"
37-->src\main\AndroidManifest.xml:18:13-43
38            android:theme="@style/LaunchTheme"
38-->src\main\AndroidManifest.xml:19:13-47
39            android:windowSoftInputMode="adjustResize" >
39-->src\main\AndroidManifest.xml:22:13-55
40            <intent-filter>
40-->src\main\AndroidManifest.xml:23:13-26:29
41                <action android:name="android.intent.action.MAIN" />
41-->src\main\AndroidManifest.xml:24:17-68
41-->src\main\AndroidManifest.xml:24:25-66
42
43                <category android:name="android.intent.category.LAUNCHER" />
43-->src\main\AndroidManifest.xml:25:17-76
43-->src\main\AndroidManifest.xml:25:27-74
44            </intent-filter>
45        </activity>
46        <!--
47             Don't delete the meta-data below.
48             This is used by the Flutter tool to generate GeneratedPluginRegistrant.java
49        -->
50        <meta-data
50-->src\main\AndroidManifest.xml:30:9-32:33
51            android:name="flutterEmbedding"
51-->src\main\AndroidManifest.xml:31:13-44
52            android:value="2" />
52-->src\main\AndroidManifest.xml:32:13-30
53
54        <service
54-->[:firebase_storage] AndroidManifest.xml:8:9-12:19
55            android:name="com.google.firebase.components.ComponentDiscoveryService"
55-->[:firebase_storage] AndroidManifest.xml:8:18-89
56            android:directBootAware="true"
56-->[com.google.firebase:firebase-common:19.3.0] AndroidManifest.xml:34:13-43
57            android:exported="false" >
57-->[com.google.android.gms:play-services-measurement-api:17.2.2] AndroidManifest.xml:29:13-37
58            <meta-data
58-->[:firebase_storage] AndroidManifest.xml:9:13-11:85
59                android:name="com.google.firebase.components:io.flutter.plugins.firebase.storage.FlutterFirebaseAppRegistrar"
59-->[:firebase_storage] AndroidManifest.xml:10:17-126
60                android:value="com.google.firebase.components.ComponentRegistrar" />
60-->[:firebase_storage] AndroidManifest.xml:11:17-82
61            <meta-data
61-->[:firebase_auth] AndroidManifest.xml:9:13-11:85
62                android:name="com.google.firebase.components:io.flutter.plugins.firebaseauth.FlutterFirebaseAppRegistrar"
62-->[:firebase_auth] AndroidManifest.xml:10:17-122
63                android:value="com.google.firebase.components.ComponentRegistrar" />
63-->[:firebase_auth] AndroidManifest.xml:11:17-82
64            <meta-data
64-->[:cloud_firestore] AndroidManifest.xml:9:13-11:85
65                android:name="com.google.firebase.components:io.flutter.plugins.firebase.cloudfirestore.FlutterFirebaseAppRegistrar"
65-->[:cloud_firestore] AndroidManifest.xml:10:17-133
66                android:value="com.google.firebase.components.ComponentRegistrar" />
66-->[:cloud_firestore] AndroidManifest.xml:11:17-82
67            <meta-data
67-->[:firebase_core] AndroidManifest.xml:9:13-11:85
68                android:name="com.google.firebase.components:io.flutter.plugins.firebase.core.FlutterFirebaseAppRegistrar"
68-->[:firebase_core] AndroidManifest.xml:10:17-123
69                android:value="com.google.firebase.components.ComponentRegistrar" />
69-->[:firebase_core] AndroidManifest.xml:11:17-82
70            <meta-data
70-->[com.google.android.gms:play-services-measurement-api:17.2.2] AndroidManifest.xml:30:13-32:85
71                android:name="com.google.firebase.components:com.google.firebase.analytics.connector.internal.AnalyticsConnectorRegistrar"
71-->[com.google.android.gms:play-services-measurement-api:17.2.2] AndroidManifest.xml:31:17-139
72                android:value="com.google.firebase.components.ComponentRegistrar" />
72-->[com.google.android.gms:play-services-measurement-api:17.2.2] AndroidManifest.xml:32:17-82
73            <meta-data
73-->[com.google.firebase:firebase-auth:19.2.0] AndroidManifest.xml:36:13-38:85
74                android:name="com.google.firebase.components:com.google.firebase.auth.FirebaseAuthRegistrar"
74-->[com.google.firebase:firebase-auth:19.2.0] AndroidManifest.xml:37:17-109
75                android:value="com.google.firebase.components.ComponentRegistrar" />
75-->[com.google.firebase:firebase-auth:19.2.0] AndroidManifest.xml:38:17-82
76            <meta-data
76-->[com.google.firebase:firebase-storage:17.0.0] AndroidManifest.xml:31:13-33:85
77                android:name="com.google.firebase.components:com.google.firebase.storage.StorageRegistrar"
77-->[com.google.firebase:firebase-storage:17.0.0] AndroidManifest.xml:32:17-107
78                android:value="com.google.firebase.components.ComponentRegistrar" />
78-->[com.google.firebase:firebase-storage:17.0.0] AndroidManifest.xml:33:17-82
79            <meta-data
79-->[com.google.firebase:firebase-firestore:21.3.0] AndroidManifest.xml:20:13-22:85
80                android:name="com.google.firebase.components:com.google.firebase.firestore.FirestoreRegistrar"
80-->[com.google.firebase:firebase-firestore:21.3.0] AndroidManifest.xml:21:17-111
81                android:value="com.google.firebase.components.ComponentRegistrar" />
81-->[com.google.firebase:firebase-firestore:21.3.0] AndroidManifest.xml:22:17-82
82            <meta-data
82-->[com.google.firebase:firebase-iid:20.0.2] AndroidManifest.xml:32:13-34:85
83                android:name="com.google.firebase.components:com.google.firebase.iid.Registrar"
83-->[com.google.firebase:firebase-iid:20.0.2] AndroidManifest.xml:33:17-96
84                android:value="com.google.firebase.components.ComponentRegistrar" />
84-->[com.google.firebase:firebase-iid:20.0.2] AndroidManifest.xml:34:17-82
85        </service>
86
87        <provider
87-->[:image_picker] AndroidManifest.xml:11:9-19:20
88            android:name="io.flutter.plugins.imagepicker.ImagePickerFileProvider"
88-->[:image_picker] AndroidManifest.xml:12:13-82
89            android:authorities="com.example.motivationalthoughts.flutter.image_provider"
89-->[:image_picker] AndroidManifest.xml:13:13-74
90            android:exported="false"
90-->[:image_picker] AndroidManifest.xml:14:13-37
91            android:grantUriPermissions="true" >
91-->[:image_picker] AndroidManifest.xml:15:13-47
92            <meta-data
92-->[:image_picker] AndroidManifest.xml:16:13-18:75
93                android:name="android.support.FILE_PROVIDER_PATHS"
93-->[:image_picker] AndroidManifest.xml:17:17-67
94                android:resource="@xml/flutter_image_picker_file_paths" />
94-->[:image_picker] AndroidManifest.xml:18:17-72
95        </provider>
96
97        <receiver
97-->[com.google.android.gms:play-services-measurement:17.2.2] AndroidManifest.xml:29:9-33:20
98            android:name="com.google.android.gms.measurement.AppMeasurementReceiver"
98-->[com.google.android.gms:play-services-measurement:17.2.2] AndroidManifest.xml:30:13-85
99            android:enabled="true"
99-->[com.google.android.gms:play-services-measurement:17.2.2] AndroidManifest.xml:31:13-35
100            android:exported="false" >
100-->[com.google.android.gms:play-services-measurement:17.2.2] AndroidManifest.xml:32:13-37
101        </receiver>
102        <receiver
102-->[com.google.android.gms:play-services-measurement:17.2.2] AndroidManifest.xml:34:9-42:20
103            android:name="com.google.android.gms.measurement.AppMeasurementInstallReferrerReceiver"
103-->[com.google.android.gms:play-services-measurement:17.2.2] AndroidManifest.xml:35:13-100
104            android:enabled="true"
104-->[com.google.android.gms:play-services-measurement:17.2.2] AndroidManifest.xml:36:13-35
105            android:exported="true"
105-->[com.google.android.gms:play-services-measurement:17.2.2] AndroidManifest.xml:37:13-36
106            android:permission="android.permission.INSTALL_PACKAGES" >
106-->[com.google.android.gms:play-services-measurement:17.2.2] AndroidManifest.xml:38:13-69
107            <intent-filter>
107-->[com.google.android.gms:play-services-measurement:17.2.2] AndroidManifest.xml:39:13-41:29
108                <action android:name="com.android.vending.INSTALL_REFERRER" />
108-->[com.google.android.gms:play-services-measurement:17.2.2] AndroidManifest.xml:40:17-79
108-->[com.google.android.gms:play-services-measurement:17.2.2] AndroidManifest.xml:40:25-76
109            </intent-filter>
110        </receiver>
111
112        <service
112-->[com.google.android.gms:play-services-measurement:17.2.2] AndroidManifest.xml:44:9-47:40
113            android:name="com.google.android.gms.measurement.AppMeasurementService"
113-->[com.google.android.gms:play-services-measurement:17.2.2] AndroidManifest.xml:45:13-84
114            android:enabled="true"
114-->[com.google.android.gms:play-services-measurement:17.2.2] AndroidManifest.xml:46:13-35
115            android:exported="false" />
115-->[com.google.android.gms:play-services-measurement:17.2.2] AndroidManifest.xml:47:13-37
116        <service
116-->[com.google.android.gms:play-services-measurement:17.2.2] AndroidManifest.xml:48:9-52:72
117            android:name="com.google.android.gms.measurement.AppMeasurementJobService"
117-->[com.google.android.gms:play-services-measurement:17.2.2] AndroidManifest.xml:49:13-87
118            android:enabled="true"
118-->[com.google.android.gms:play-services-measurement:17.2.2] AndroidManifest.xml:50:13-35
119            android:exported="false"
119-->[com.google.android.gms:play-services-measurement:17.2.2] AndroidManifest.xml:51:13-37
120            android:permission="android.permission.BIND_JOB_SERVICE" />
120-->[com.google.android.gms:play-services-measurement:17.2.2] AndroidManifest.xml:52:13-69
121
122        <activity
122-->[com.google.firebase:firebase-auth:19.2.0] AndroidManifest.xml:24:9-31:50
123            android:name="com.google.firebase.auth.internal.FederatedSignInActivity"
123-->[com.google.firebase:firebase-auth:19.2.0] AndroidManifest.xml:25:13-85
124            android:excludeFromRecents="true"
124-->[com.google.firebase:firebase-auth:19.2.0] AndroidManifest.xml:26:13-46
125            android:exported="true"
125-->[com.google.firebase:firebase-auth:19.2.0] AndroidManifest.xml:27:13-36
126            android:launchMode="singleTask"
126-->[com.google.firebase:firebase-auth:19.2.0] AndroidManifest.xml:28:13-44
127            android:permission="com.google.firebase.auth.api.gms.permission.LAUNCH_FEDERATED_SIGN_IN"
127-->[com.google.firebase:firebase-auth:19.2.0] AndroidManifest.xml:29:13-102
128            android:theme="@android:style/Theme.Translucent.NoTitleBar" />
128-->[com.google.firebase:firebase-auth:19.2.0] AndroidManifest.xml:30:13-72
129
130        <receiver
130-->[com.google.firebase:firebase-iid:20.0.2] AndroidManifest.xml:37:9-44:20
131            android:name="com.google.firebase.iid.FirebaseInstanceIdReceiver"
131-->[com.google.firebase:firebase-iid:20.0.2] AndroidManifest.xml:38:13-78
132            android:exported="true"
132-->[com.google.firebase:firebase-iid:20.0.2] AndroidManifest.xml:39:13-36
133            android:permission="com.google.android.c2dm.permission.SEND" >
133-->[com.google.firebase:firebase-iid:20.0.2] AndroidManifest.xml:40:13-73
134            <intent-filter>
134-->[com.google.firebase:firebase-iid:20.0.2] AndroidManifest.xml:41:13-43:29
135                <action android:name="com.google.android.c2dm.intent.RECEIVE" />
135-->[com.google.firebase:firebase-iid:20.0.2] AndroidManifest.xml:42:17-81
135-->[com.google.firebase:firebase-iid:20.0.2] AndroidManifest.xml:42:25-78
136            </intent-filter>
137        </receiver>
138
139        <provider
139-->[com.google.firebase:firebase-common:19.3.0] AndroidManifest.xml:26:9-30:39
140            android:name="com.google.firebase.provider.FirebaseInitProvider"
140-->[com.google.firebase:firebase-common:19.3.0] AndroidManifest.xml:27:13-77
141            android:authorities="com.example.motivationalthoughts.firebaseinitprovider"
141-->[com.google.firebase:firebase-common:19.3.0] AndroidManifest.xml:28:13-72
142            android:exported="false"
142-->[com.google.firebase:firebase-common:19.3.0] AndroidManifest.xml:29:13-37
143            android:initOrder="100" />
143-->[com.google.firebase:firebase-common:19.3.0] AndroidManifest.xml:30:13-36
144
145        <activity
145-->[com.google.android.gms:play-services-base:17.1.0] AndroidManifest.xml:23:9-26:75
146            android:name="com.google.android.gms.common.api.GoogleApiActivity"
146-->[com.google.android.gms:play-services-base:17.1.0] AndroidManifest.xml:24:13-79
147            android:exported="false"
147-->[com.google.android.gms:play-services-base:17.1.0] AndroidManifest.xml:25:13-37
148            android:theme="@android:style/Theme.Translucent.NoTitleBar" />
148-->[com.google.android.gms:play-services-base:17.1.0] AndroidManifest.xml:26:13-72
149
150        <meta-data
150-->[com.google.android.gms:play-services-basement:17.0.0] AndroidManifest.xml:23:9-25:69
151            android:name="com.google.android.gms.version"
151-->[com.google.android.gms:play-services-basement:17.0.0] AndroidManifest.xml:24:13-58
152            android:value="@integer/google_play_services_version" />
152-->[com.google.android.gms:play-services-basement:17.0.0] AndroidManifest.xml:25:13-66
153    </application>
154
155</manifest>